<?xml version="1.0" encoding="UTF-8" ?>
<testsuites>
 <testsuite name="TicTacToe User load test" timestamp="2016-12-17T20:46:21" hostname="localhost" time="32.904" errors="0" tests="1" skipped="0" disabled="0" failures="0">
  <testcase classname="TicTacToe User load test" name="should should be to play 100  game within 8000ms" time="32.882" />
 </testsuite>
</testsuites>