<?xml version="1.0" encoding="UTF-8" ?>
<testsuites>
 <testsuite name="User chat API" timestamp="2016-12-17T19:19:08" hostname="localhost" time="1.041" errors="0" tests="2" skipped="0" disabled="0" failures="0">
  <testcase classname="User chat API" name="should get user session information on connect" time="0.606" />
  <testcase classname="User chat API" name="should receive chat message back after sending chat command" time="0.413" />
 </testsuite>
</testsuites>