<?xml version="1.0" encoding="UTF-8" ?>
<testsuites>
 <testsuite name="Tictactoe API" timestamp="2016-12-18T12:14:47" hostname="localhost" time="5.004" errors="0" tests="1" skipped="0" disabled="0" failures="3">
  <testcase classname="Tictactoe API" name="should be able to play game to end" time="5.004">
   <failure type="exception" message="Error: Timeout - Async callback was not invoked within timeout specified by jasmine.DEFAULT_TIMEOUT_INTERVAL."><![CDATA[Error: Timeout - Async callback was not invoked within timeout specified by jasmine.DEFAULT_TIMEOUT_INTERVAL.
    at Timeout._onTimeout (/home/gislibg/Documents/hgop/reference-tictactoe/node_modules/jasmine-core/lib/jasmine-core/jasmine.js:1973:23)
    at ontimeout (timers.js:365:14)
    at tryOnTimeout (timers.js:237:5)
    at Timer.listOnTimeout (timers.js:207:5)]]>
   </failure>
   <failure type="exception" message="TypeError: Cannot read property &apos;expectGameCreated&apos; of undefined"><![CDATA[TypeError: Cannot read property 'expectGameCreated' of undefined
    at Object.<anonymous> (/home/gislibg/Documents/hgop/reference-tictactoe/apitest/tictactoe.spec.js:44:14)
    at attemptAsync (/home/gislibg/Documents/hgop/reference-tictactoe/node_modules/jasmine-core/lib/jasmine-core/jasmine.js:1980:24)
    at QueueRunner.run (/home/gislibg/Documents/hgop/reference-tictactoe/node_modules/jasmine-core/lib/jasmine-core/jasmine.js:1935:9)
    at /home/gislibg/Documents/hgop/reference-tictactoe/node_modules/jasmine-core/lib/jasmine-core/jasmine.js:1962:16
    at /home/gislibg/Documents/hgop/reference-tictactoe/node_modules/jasmine-core/lib/jasmine-core/jasmine.js:1905:9
    at Timeout.<anonymous> (/home/gislibg/Documents/hgop/reference-tictactoe/node_modules/jasmine-core/lib/jasmine-core/jasmine.js:1975:11)
    at ontimeout (timers.js:365:14)
    at tryOnTimeout (timers.js:237:5)
    at Timer.listOnTimeout (timers.js:207:5)]]>
   </failure>
   <failure type="exception" message="TypeError: Cannot read property &apos;disconnect&apos; of undefined"><![CDATA[TypeError: Cannot read property 'disconnect' of undefined
    at Object.<anonymous> (/home/gislibg/Documents/hgop/reference-tictactoe/apitest/tictactoe.spec.js:30:14)
    at attemptSync (/home/gislibg/Documents/hgop/reference-tictactoe/node_modules/jasmine-core/lib/jasmine-core/jasmine.js:1950:24)
    at QueueRunner.run (/home/gislibg/Documents/hgop/reference-tictactoe/node_modules/jasmine-core/lib/jasmine-core/jasmine.js:1938:9)
    at /home/gislibg/Documents/hgop/reference-tictactoe/node_modules/jasmine-core/lib/jasmine-core/jasmine.js:1962:16
    at /home/gislibg/Documents/hgop/reference-tictactoe/node_modules/jasmine-core/lib/jasmine-core/jasmine.js:1905:9
    at attemptAsync (/home/gislibg/Documents/hgop/reference-tictactoe/node_modules/jasmine-core/lib/jasmine-core/jasmine.js:1983:9)
    at QueueRunner.run (/home/gislibg/Documents/hgop/reference-tictactoe/node_modules/jasmine-core/lib/jasmine-core/jasmine.js:1935:9)
    at /home/gislibg/Documents/hgop/reference-tictactoe/node_modules/jasmine-core/lib/jasmine-core/jasmine.js:1962:16
    at /home/gislibg/Documents/hgop/reference-tictactoe/node_modules/jasmine-core/lib/jasmine-core/jasmine.js:1905:9
    at Timeout.<anonymous> (/home/gislibg/Documents/hgop/reference-tictactoe/node_modules/jasmine-core/lib/jasmine-core/jasmine.js:1975:11)]]>
   </failure>
  </testcase>
 </testsuite>
</testsuites>